2026-03-23 07:30:32,846 | INFO | apscheduler.scheduler | Adding job tentatively -- it will be properly scheduled when the scheduler starts
2026-03-23 07:30:32,847 | INFO | apscheduler.scheduler | Adding job tentatively -- it will be properly scheduled when the scheduler starts
2026-03-23 07:30:32,847 | INFO | apscheduler.scheduler | Adding job tentatively -- it will be properly scheduled when the scheduler starts
2026-03-23 07:30:32,847 | INFO | apscheduler.scheduler | Adding job tentatively -- it will be properly scheduled when the scheduler starts
2026-03-23 07:30:32,847 | INFO | apscheduler.scheduler | Adding job tentatively -- it will be properly scheduled when the scheduler starts
2026-03-23 07:30:32,848 | INFO | apscheduler.scheduler | Adding job tentatively -- it will be properly scheduled when the scheduler starts
2026-03-23 07:30:32,848 | INFO | apscheduler.scheduler | Adding job tentatively -- it will be properly scheduled when the scheduler starts
2026-03-23 07:30:32,852 | INFO | apscheduler.scheduler | Added job "locked_job.<locals>.wrapper" to job store "default"
2026-03-23 07:30:32,852 | INFO | apscheduler.scheduler | Added job "locked_job.<locals>.wrapper" to job store "default"
2026-03-23 07:30:32,852 | INFO | apscheduler.scheduler | Added job "locked_job.<locals>.wrapper" to job store "default"
2026-03-23 07:30:32,852 | INFO | apscheduler.scheduler | Added job "locked_job.<locals>.wrapper" to job store "default"
2026-03-23 07:30:32,852 | INFO | apscheduler.scheduler | Added job "locked_job.<locals>.wrapper" to job store "default"
2026-03-23 07:30:32,852 | INFO | apscheduler.scheduler | Added job "locked_job.<locals>.wrapper" to job store "default"
2026-03-23 07:30:32,852 | INFO | apscheduler.scheduler | Added job "locked_job.<locals>.wrapper" to job store "default"
2026-03-23 07:30:32,852 | INFO | apscheduler.scheduler | Scheduler started
2026-03-23 07:30:32,853 | INFO | core.scheduler.scheduler | Scheduler spuštěn
2026-03-23 07:35:05,006 | INFO | apscheduler.executors.default | Running job "locked_job.<locals>.wrapper (trigger: cron[minute='5,20,35,50', second='5'], next run at: 2026-03-23 07:50:05 CET)" (scheduled at 2026-03-23 07:35:05+01:00)
2026-03-23 07:35:05,006 | INFO | core.scheduler.scheduler | START vodomery_db_import
2026-03-23 07:35:05,771 | INFO | core.scheduler.scheduler | DONE vodomery_db_import | duration=0.77s
2026-03-23 07:35:05,771 | INFO | core.scheduler.scheduler | START score_new_measurements
2026-03-23 07:35:06,181 | INFO | core.scheduler.scheduler | DONE score_new_measurements | duration=0.41s
2026-03-23 07:35:06,181 | INFO | core.scheduler.scheduler | START detect_events_from_scores
2026-03-23 07:35:06,674 | INFO | core.scheduler.scheduler | DONE detect_events_from_scores | duration=0.49s
2026-03-23 07:35:06,674 | INFO | core.scheduler.scheduler | START process_vodomery_alerts
2026-03-23 07:35:08,541 | INFO | core.scheduler.scheduler | DONE process_vodomery_alerts | duration=1.87s
2026-03-23 07:35:08,541 | INFO | apscheduler.executors.default | Job "locked_job.<locals>.wrapper (trigger: cron[minute='5,20,35,50', second='5'], next run at: 2026-03-23 07:50:05 CET)" executed successfully
2026-03-23 07:35:08,541 | INFO | core.scheduler.scheduler | JOB SUCCESS | id=quarter_hour_job | scheduled=2026-03-23 07:35:05+01:00
2026-03-23 07:41:07,555 | INFO | core.scheduler.scheduler | Ukončuji scheduler...
2026-03-23 07:41:07,556 | INFO | apscheduler.scheduler | Scheduler has been shut down
2026-03-23 07:48:21,171 | INFO | apscheduler.scheduler | Adding job tentatively -- it will be properly scheduled when the scheduler starts
2026-03-23 07:48:21,171 | INFO | apscheduler.scheduler | Adding job tentatively -- it will be properly scheduled when the scheduler starts
2026-03-23 07:48:21,172 | INFO | apscheduler.scheduler | Adding job tentatively -- it will be properly scheduled when the scheduler starts
2026-03-23 07:48:21,172 | INFO | apscheduler.scheduler | Adding job tentatively -- it will be properly scheduled when the scheduler starts
2026-03-23 07:48:21,172 | INFO | apscheduler.scheduler | Adding job tentatively -- it will be properly scheduled when the scheduler starts
2026-03-23 07:48:21,172 | INFO | apscheduler.scheduler | Adding job tentatively -- it will be properly scheduled when the scheduler starts
2026-03-23 07:48:21,172 | INFO | apscheduler.scheduler | Adding job tentatively -- it will be properly scheduled when the scheduler starts
2026-03-23 07:48:21,173 | INFO | apscheduler.scheduler | Added job "locked_job.<locals>.wrapper" to job store "default"
2026-03-23 07:48:21,173 | INFO | apscheduler.scheduler | Added job "locked_job.<locals>.wrapper" to job store "default"
2026-03-23 07:48:21,173 | INFO | apscheduler.scheduler | Added job "locked_job.<locals>.wrapper" to job store "default"
2026-03-23 07:48:21,173 | INFO | apscheduler.scheduler | Added job "locked_job.<locals>.wrapper" to job store "default"
2026-03-23 07:48:21,174 | INFO | apscheduler.scheduler | Added job "locked_job.<locals>.wrapper" to job store "default"
2026-03-23 07:48:21,174 | INFO | apscheduler.scheduler | Added job "locked_job.<locals>.wrapper" to job store "default"
2026-03-23 07:48:21,174 | INFO | apscheduler.scheduler | Added job "locked_job.<locals>.wrapper" to job store "default"
2026-03-23 07:48:21,174 | INFO | apscheduler.scheduler | Scheduler started
2026-03-23 07:48:21,174 | INFO | core.scheduler.scheduler | Scheduler spuštěn
2026-03-23 07:50:05,016 | INFO | apscheduler.executors.default | Running job "locked_job.<locals>.wrapper (trigger: cron[minute='5,20,35,50', second='5'], next run at: 2026-03-23 08:05:05 CET)" (scheduled at 2026-03-23 07:50:05+01:00)
2026-03-23 07:50:05,016 | INFO | core.scheduler.scheduler | START vodomery_db_import
2026-03-23 07:50:05,655 | INFO | core.scheduler.scheduler | DONE vodomery_db_import | duration=0.64s
2026-03-23 07:50:05,655 | INFO | core.scheduler.scheduler | START score_new_measurements
2026-03-23 07:50:06,097 | INFO | core.scheduler.scheduler | DONE score_new_measurements | duration=0.44s
2026-03-23 07:50:06,097 | INFO | core.scheduler.scheduler | START detect_events_from_scores
2026-03-23 07:50:06,685 | INFO | core.scheduler.scheduler | DONE detect_events_from_scores | duration=0.59s
2026-03-23 07:50:06,685 | INFO | core.scheduler.scheduler | START process_vodomery_alerts
2026-03-23 07:50:06,708 | INFO | core.scheduler.scheduler | DONE process_vodomery_alerts | duration=0.02s
2026-03-23 07:50:06,708 | INFO | apscheduler.executors.default | Job "locked_job.<locals>.wrapper (trigger: cron[minute='5,20,35,50', second='5'], next run at: 2026-03-23 08:05:05 CET)" executed successfully
2026-03-23 07:50:06,708 | INFO | core.scheduler.scheduler | JOB SUCCESS | id=quarter_hour_job | scheduled=2026-03-23 07:50:05+01:00
2026-03-23 07:58:29,345 | INFO | core.scheduler.scheduler | Ukončuji scheduler...
2026-03-23 07:58:29,346 | INFO | apscheduler.scheduler | Scheduler has been shut down
