2026-03-23 07:59:51,393 | INFO | apscheduler.scheduler | Adding job tentatively -- it will be properly scheduled when the scheduler starts
2026-03-23 07:59:51,395 | INFO | apscheduler.scheduler | Adding job tentatively -- it will be properly scheduled when the scheduler starts
2026-03-23 07:59:51,395 | INFO | apscheduler.scheduler | Adding job tentatively -- it will be properly scheduled when the scheduler starts
2026-03-23 07:59:51,395 | INFO | apscheduler.scheduler | Adding job tentatively -- it will be properly scheduled when the scheduler starts
2026-03-23 07:59:51,395 | INFO | apscheduler.scheduler | Adding job tentatively -- it will be properly scheduled when the scheduler starts
2026-03-23 07:59:51,397 | INFO | apscheduler.scheduler | Adding job tentatively -- it will be properly scheduled when the scheduler starts
2026-03-23 07:59:51,397 | INFO | apscheduler.scheduler | Adding job tentatively -- it will be properly scheduled when the scheduler starts
2026-03-23 07:59:51,398 | INFO | apscheduler.scheduler | Added job "locked_job.<locals>.wrapper" to job store "default"
2026-03-23 07:59:51,398 | INFO | apscheduler.scheduler | Added job "locked_job.<locals>.wrapper" to job store "default"
2026-03-23 07:59:51,398 | INFO | apscheduler.scheduler | Added job "locked_job.<locals>.wrapper" to job store "default"
2026-03-23 07:59:51,398 | INFO | apscheduler.scheduler | Added job "locked_job.<locals>.wrapper" to job store "default"
2026-03-23 07:59:51,398 | INFO | apscheduler.scheduler | Added job "locked_job.<locals>.wrapper" to job store "default"
2026-03-23 07:59:51,399 | INFO | apscheduler.scheduler | Added job "locked_job.<locals>.wrapper" to job store "default"
2026-03-23 07:59:51,399 | INFO | apscheduler.scheduler | Added job "locked_job.<locals>.wrapper" to job store "default"
2026-03-23 07:59:51,399 | INFO | apscheduler.scheduler | Scheduler started
2026-03-23 07:59:51,399 | INFO | core.scheduler.scheduler | Scheduler spuštěn
2026-03-23 08:00:24,771 | INFO | core.scheduler.scheduler | Ukončuji scheduler...
2026-03-23 08:00:24,771 | INFO | apscheduler.scheduler | Scheduler has been shut down
2026-03-23 08:00:45,819 | INFO | apscheduler.scheduler | Adding job tentatively -- it will be properly scheduled when the scheduler starts
2026-03-23 08:00:45,819 | INFO | apscheduler.scheduler | Adding job tentatively -- it will be properly scheduled when the scheduler starts
2026-03-23 08:00:45,819 | INFO | apscheduler.scheduler | Adding job tentatively -- it will be properly scheduled when the scheduler starts
2026-03-23 08:00:45,819 | INFO | apscheduler.scheduler | Adding job tentatively -- it will be properly scheduled when the scheduler starts
2026-03-23 08:00:45,820 | INFO | apscheduler.scheduler | Adding job tentatively -- it will be properly scheduled when the scheduler starts
2026-03-23 08:00:45,820 | INFO | apscheduler.scheduler | Adding job tentatively -- it will be properly scheduled when the scheduler starts
2026-03-23 08:00:45,820 | INFO | apscheduler.scheduler | Adding job tentatively -- it will be properly scheduled when the scheduler starts
2026-03-23 08:00:45,824 | INFO | apscheduler.scheduler | Added job "locked_job.<locals>.wrapper" to job store "default"
2026-03-23 08:00:45,824 | INFO | apscheduler.scheduler | Added job "locked_job.<locals>.wrapper" to job store "default"
2026-03-23 08:00:45,824 | INFO | apscheduler.scheduler | Added job "locked_job.<locals>.wrapper" to job store "default"
2026-03-23 08:00:45,824 | INFO | apscheduler.scheduler | Added job "locked_job.<locals>.wrapper" to job store "default"
2026-03-23 08:00:45,824 | INFO | apscheduler.scheduler | Added job "locked_job.<locals>.wrapper" to job store "default"
2026-03-23 08:00:45,824 | INFO | apscheduler.scheduler | Added job "locked_job.<locals>.wrapper" to job store "default"
2026-03-23 08:00:45,824 | INFO | apscheduler.scheduler | Added job "locked_job.<locals>.wrapper" to job store "default"
2026-03-23 08:00:45,824 | INFO | apscheduler.scheduler | Scheduler started
2026-03-23 08:00:45,826 | INFO | core.scheduler.scheduler | Scheduler spuštěn
2026-03-23 08:00:56,107 | INFO | core.scheduler.scheduler | Ukončuji scheduler...
2026-03-23 08:00:56,107 | INFO | apscheduler.scheduler | Scheduler has been shut down
